<?xml version="1.0" encoding="UTF-8"?>
<!-- Generated by org.testng.reporters.JUnitReportReporter -->
<testsuite hostname="LAPTOP-QMK202VJ" name="TestCasesExecution.TestingExcel" tests="5" failures="0" timestamp="26 Aug 2020 17:08:04 GMT" time="71.332" errors="0">
  <testcase name="LoginTestCase" time="14.982" classname="TestCasesExecution.TestingExcel"/>
  <testcase name="LoginTestCase" time="14.280" classname="TestCasesExecution.TestingExcel"/>
  <testcase name="LoginTestCase" time="13.715" classname="TestCasesExecution.TestingExcel"/>
  <testcase name="LoginTestCase" time="14.240" classname="TestCasesExecution.TestingExcel"/>
  <testcase name="LoginTestCase" time="14.115" classname="TestCasesExecution.TestingExcel"/>
</testsuite> <!-- TestCasesExecution.TestingExcel -->
