<?xml version="1.0" encoding="UTF-8"?>
<!-- Generated by org.testng.reporters.JUnitReportReporter -->
<testsuite hostname="LAPTOP-QMK202VJ" name="DDT.getExcelData" tests="4" failures="0" timestamp="26 Aug 2020 16:00:02 GMT" time="57.518" errors="0">
  <testcase name="LoginTestCase" time="13.553" classname="DDT.getExcelData"/>
  <testcase name="LoginTestCase" time="14.926" classname="DDT.getExcelData"/>
  <testcase name="LoginTestCase" time="15.483" classname="DDT.getExcelData"/>
  <testcase name="LoginTestCase" time="13.556" classname="DDT.getExcelData"/>
</testsuite> <!-- DDT.getExcelData -->
