<?xml version="1.0" encoding="UTF-8"?>
<!-- Generated by org.testng.reporters.JUnitReportReporter -->
<testsuite hostname="LAPTOP-QMK202VJ" name="TestCasesExecution.Test_DataProvider" tests="4" failures="0" timestamp="26 Aug 2020 17:40:06 GMT" time="59.564" errors="0">
  <testcase name="LoginTestCase" time="14.866" classname="TestCasesExecution.Test_DataProvider"/>
  <testcase name="LoginTestCase" time="14.051" classname="TestCasesExecution.Test_DataProvider"/>
  <testcase name="LoginTestCase" time="13.917" classname="TestCasesExecution.Test_DataProvider"/>
  <testcase name="LoginTestCase" time="16.730" classname="TestCasesExecution.Test_DataProvider"/>
</testsuite> <!-- TestCasesExecution.Test_DataProvider -->
