<?xml version="1.0" encoding="UTF-8"?>
<!-- Generated by org.testng.reporters.JUnitReportReporter -->
<testsuite hostname="LAPTOP-QMK202VJ" name="TestCasesExecution.LoginPageTest" tests="4" failures="0" timestamp="26 Aug 2020 20:22:42 GMT" time="67.676" errors="0">
  <testcase name="LoginTestCase" time="20.549" classname="TestCasesExecution.LoginPageTest"/>
  <testcase name="LoginTestCase" time="16.052" classname="TestCasesExecution.LoginPageTest"/>
  <testcase name="LoginTestCase" time="15.681" classname="TestCasesExecution.LoginPageTest"/>
  <testcase name="LoginTestCase" time="15.394" classname="TestCasesExecution.LoginPageTest"/>
</testsuite> <!-- TestCasesExecution.LoginPageTest -->
