<?xml version="1.0" encoding="UTF-8"?>
<!-- Generated by org.testng.reporters.JUnitReportReporter -->
<testsuite hostname="LAPTOP-QMK202VJ" name="TestCasesExecution.LoginPageTest" tests="4" failures="0" timestamp="26 Aug 2020 19:24:23 GMT" time="64.713" errors="0">
  <testcase name="LoginTestCase" time="17.670" classname="TestCasesExecution.LoginPageTest"/>
  <testcase name="LoginTestCase" time="15.982" classname="TestCasesExecution.LoginPageTest"/>
  <testcase name="LoginTestCase" time="15.524" classname="TestCasesExecution.LoginPageTest"/>
  <testcase name="LoginTestCase" time="15.537" classname="TestCasesExecution.LoginPageTest"/>
</testsuite> <!-- TestCasesExecution.LoginPageTest -->
