<?xml version="1.0" encoding="UTF-8"?>
<!-- Generated by org.testng.reporters.JUnitReportReporter -->
<testsuite hostname="LAPTOP-QMK202VJ" name="TestCasesExecution.LoginPageTest" tests="4" failures="0" timestamp="27 Aug 2020 08:24:38 GMT" time="75.658" errors="0">
  <testcase name="LoginTestCase" time="24.549" classname="TestCasesExecution.LoginPageTest"/>
  <testcase name="LoginTestCase" time="17.647" classname="TestCasesExecution.LoginPageTest"/>
  <testcase name="LoginTestCase" time="15.446" classname="TestCasesExecution.LoginPageTest"/>
  <testcase name="LoginTestCase" time="18.016" classname="TestCasesExecution.LoginPageTest"/>
</testsuite> <!-- TestCasesExecution.LoginPageTest -->
