<?xml version="1.0" encoding="UTF-8"?>
<!-- Generated by org.testng.reporters.JUnitReportReporter -->
<testsuite hostname="LAPTOP-QMK202VJ" name="TestCasesExecution.LoginPageTest" tests="4" failures="0" timestamp="27 Aug 2020 06:46:56 GMT" time="68.649" errors="0">
  <testcase name="LoginTestCase" time="20.225" classname="TestCasesExecution.LoginPageTest"/>
  <testcase name="LoginTestCase" time="15.365" classname="TestCasesExecution.LoginPageTest"/>
  <testcase name="LoginTestCase" time="17.030" classname="TestCasesExecution.LoginPageTest"/>
  <testcase name="LoginTestCase" time="16.029" classname="TestCasesExecution.LoginPageTest"/>
</testsuite> <!-- TestCasesExecution.LoginPageTest -->
